<?xml version="1.0" encoding="utf-8"?><testsuites name="pytest tests"><testsuite name="pytest" errors="0" failures="0" skipped="0" tests="13" time="3.796" timestamp="2026-04-27T12:39:04.928329+00:00" hostname="agent-env-36248064-3bab-4be4-b0e7-664ea9eb00cc"><testcase classname="backend.tests.test_ctwinner.TestPublic" name="test_root" time="0.208" /><testcase classname="backend.tests.test_ctwinner.TestPublic" name="test_modalities_seeded" time="0.113" /><testcase classname="backend.tests.test_ctwinner.TestPublic" name="test_schedule_seeded_and_sorted" time="0.106" /><testcase classname="backend.tests.test_ctwinner.TestPublic" name="test_schedule_current" time="0.150" /><testcase classname="backend.tests.test_ctwinner.TestPublic" name="test_events_seeded" time="0.143" /><testcase classname="backend.tests.test_ctwinner.TestAuth" name="test_login_success" time="0.332" /><testcase classname="backend.tests.test_ctwinner.TestAuth" name="test_login_invalid" time="0.325" /><testcase classname="backend.tests.test_ctwinner.TestAuth" name="test_me_no_token" time="0.107" /><testcase classname="backend.tests.test_ctwinner.TestAuth" name="test_me_with_token" time="0.473" /><testcase classname="backend.tests.test_ctwinner.TestAuth" name="test_admin_endpoints_require_auth" time="0.364" /><testcase classname="backend.tests.test_ctwinner.TestScheduleCRUD" name="test_create_update_delete" time="0.572" /><testcase classname="backend.tests.test_ctwinner.TestEventsCRUD" name="test_create_update_delete" time="0.458" /><testcase classname="backend.tests.test_ctwinner.TestModalitiesCRUD" name="test_create_update_delete" time="0.312" /></testsuite></testsuites>